0 info it worked if it ends with ok
1 verbose cli [ '/Users/ben/.nvm/v0.10.2/bin/node',
1 verbose cli   '/Users/ben/.nvm/v0.10.2/bin/npm',
1 verbose cli   'publish' ]
2 info using npm@1.2.15
3 info using node@v0.10.2
4 verbose publish [ '.' ]
5 verbose read json /Users/ben/Dropbox/works/node.extend/package.json
6 error Failed to parse json
6 error Unexpected token ]
7 error File: /Users/ben/Dropbox/works/node.extend/package.json
8 error Failed to parse package.json data.
8 error package.json must be actual JSON, not just JavaScript.
8 error
8 error This is not a bug in npm.
8 error Tell the package author to fix their package.json file. JSON.parse
9 error System Darwin 12.3.0
10 error command "/Users/ben/.nvm/v0.10.2/bin/node" "/Users/ben/.nvm/v0.10.2/bin/npm" "publish"
11 error cwd /Users/ben/Dropbox/works/node.extend
12 error node -v v0.10.2
13 error npm -v 1.2.15
14 error file /Users/ben/Dropbox/works/node.extend/package.json
15 error code EJSONPARSE
16 verbose exit [ 1, true ]
